#
# There is insufficient memory for the Java Runtime Environment to continue.
# Native memory allocation (malloc) failed to allocate 1166944 bytes for Chunk::new
# Possible reasons:
#   The system is out of physical RAM or swap space
#   The process is running with CompressedOops enabled, and the Java Heap may be blocking the growth of the native heap
# Possible solutions:
#   Reduce memory load on the system
#   Increase physical memory or swap space
#   Check if swap backing store is full
#   Decrease Java heap size (-Xmx/-Xms)
#   Decrease number of Java threads
#   Decrease Java thread stack sizes (-Xss)
#   Set larger code cache with -XX:ReservedCodeCacheSize=
#   JVM is running with Zero Based Compressed Oops mode in which the Java heap is
#     placed in the first 32GB address space. The Java Heap base address is the
#     maximum limit for the native heap growth. Please use -XX:HeapBaseMinAddress
#     to set the Java Heap base and to place the Java Heap above 32GB virtual address.
# This output file may be truncated or incomplete.
#
#  Out of Memory Error (allocation.cpp:389), pid=21320, tid=0x0000000000000dc0
#
# JRE version: OpenJDK Runtime Environment (8.0_242-b01) (build 1.8.0_242-release-1644-b01)
# Java VM: OpenJDK 64-Bit Server VM (25.242-b01 mixed mode windows-amd64 compressed oops)
# Failed to write core dump. Minidumps are not enabled by default on client versions of Windows
#

---------------  T H R E A D  ---------------

Current thread (0x000000001f1e3000):  JavaThread "C2 CompilerThread1" daemon [_thread_in_native, id=3520, stack(0x000000001fbc0000,0x000000001fcc0000)]

Stack: [0x000000001fbc0000,0x000000001fcc0000]
[error occurred during error reporting (printing stack bounds), id 0xc0000005]

Native frames: (J=compiled Java code, j=interpreted, Vv=VM code, C=native code)


Current CompileTask:
C2:   7718 5715       4       org.jetbrains.kotlin.load.java.structure.impl.classFiles.BinaryJavaMethodBase$Companion::create (492 bytes)


---------------  P R O C E S S  ---------------

Java Threads: ( => current thread )
  0x000000001f27b800 JavaThread "Service Thread" daemon [_thread_blocked, id=24344, stack(0x000000001fec0000,0x000000001ffc0000)]
  0x000000001f1e9800 JavaThread "C1 CompilerThread3" daemon [_thread_blocked, id=15940, stack(0x000000001fdc0000,0x000000001fec0000)]
  0x000000001f1e4000 JavaThread "C2 CompilerThread2" daemon [_thread_blocked, id=21680, stack(0x000000001fcc0000,0x000000001fdc0000)]
=>0x000000001f1e3000 JavaThread "C2 CompilerThread1" daemon [_thread_in_native, id=3520, stack(0x000000001fbc0000,0x000000001fcc0000)]
  0x000000001f1db000 JavaThread "C2 CompilerThread0" daemon [_thread_in_native, id=8856, stack(0x000000001fac0000,0x000000001fbc0000)]
  0x000000001f1da000 JavaThread "Attach Listener" daemon [_thread_blocked, id=11812, stack(0x000000001f9c0000,0x000000001fac0000)]
  0x000000001f1d9000 JavaThread "Signal Dispatcher" daemon [_thread_blocked, id=25480, stack(0x000000001f8c0000,0x000000001f9c0000)]
  0x000000001f1c1000 JavaThread "Finalizer" daemon [_thread_blocked, id=15772, stack(0x000000001f6a0000,0x000000001f7a0000)]
  0x000000001f1c0800 JavaThread "Reference Handler" daemon [_thread_blocked, id=7732, stack(0x000000001f5a0000,0x000000001f6a0000)]
  0x000000000383b000 JavaThread "main" [_thread_in_native, id=15140, stack(0x0000000003730000,0x0000000003830000)]

Other Threads:
  0x000000001d3d7800 VMThread [stack: 0x000000001f0a0000,0x000000001f1a0000] [id=25596]
  0x000000001f284800 WatcherThread [stack: 0x000000001ffc0000,0x00000000200c0000] [id=3328]

VM state:not at safepoint (normal execution)

VM Mutex/Monitor currently owned by a thread: None

heap address: 0x00000006c1a00000, size: 4070 MB, Compressed Oops mode: Zero based, Oop shift amount: 3
Narrow klass base: 0x0000000000000000, Narrow klass shift: 3
Compressed class space size: 1073741824 Address: 0x00000007c0000000

Heap:
 PSYoungGen      total 101376K, used 74077K [0x000000076b380000, 0x0000000772100000, 0x00000007c0000000)
  eden space 90624K, 69% used [0x000000076b380000,0x000000076f15d9e0,0x0000000770c00000)
  from space 10752K, 99% used [0x0000000770c00000,0x0000000771679db8,0x0000000771680000)
  to   space 10752K, 0% used [0x0000000771680000,0x0000000771680000,0x0000000772100000)
 ParOldGen       total 197632K, used 29937K [0x00000006c1a00000, 0x00000006cdb00000, 0x000000076b380000)
  object space 197632K, 15% used [0x00000006c1a00000,0x00000006c373c478,0x00000006cdb00000)
 Metaspace       used 46679K, capacity 47594K, committed 47872K, reserved 1091584K
  class space    used 5780K, capacity 6022K, committed 6144K, reserved 1048576K

Card table byte_map: [0x0000000012d20000,0x0000000013520000] byte_map_base: 0x000000000f713000

Marking Bits: (ParMarkBitMap*) 0x00000000510df030
 Begin Bits: [0x0000000014270000, 0x0000000018208000)
 End Bits:   [0x0000000018208000, 0x000000001c1a0000)

Polling page: 0x0000000003930000

CodeCache: size=245760Kb used=17724Kb max_used=17726Kb free=228035Kb
 bounds [0x0000000003960000, 0x0000000004ad0000, 0x0000000012960000]
 total_blobs=5892 nmethods=5429 adapters=375
 compilation: enabled

Compilation events (10 events):
Event: 7.668 Thread 0x000000001f1e4000 nmethod 5942 0x0000000004ab7690 code [0x0000000004ab77e0, 0x0000000004ab7938]
Event: 7.668 Thread 0x000000001f1e4000 5929       4       org.jetbrains.kotlin.metadata.ProtoBuf$ValueParameter$1::parsePartialFrom (7 bytes)
Event: 7.669 Thread 0x000000001f1e9800 nmethod 5945 0x0000000004abbd90 code [0x0000000004abbfc0, 0x0000000004abcbb8]
Event: 7.669 Thread 0x000000001f1e9800 5944       3       org.jetbrains.kotlin.serialization.deserialization.descriptors.DeserializedClassDescriptor::getDeclaredTypeParameters (11 bytes)
Event: 7.669 Thread 0x000000001f1e9800 nmethod 5944 0x0000000004abb6d0 code [0x0000000004abb860, 0x0000000004abbc38]
Event: 7.669 Thread 0x000000001f1e9800 5946       3       java.io.ByteArrayInputStream::<init> (26 bytes)
Event: 7.669 Thread 0x000000001f1e9800 nmethod 5946 0x0000000004abb210 code [0x0000000004abb380, 0x0000000004abb5d0]
Event: 7.670 Thread 0x000000001f1e4000 nmethod 5929 0x0000000004abae90 code [0x0000000004abafe0, 0x0000000004abb0e8]
Event: 7.673 Thread 0x000000001f1e9800 5947       3       org.jetbrains.kotlin.types.DynamicTypesKt::isDynamic (14 bytes)
Event: 7.673 Thread 0x000000001f1e9800 nmethod 5947 0x0000000004aba810 code [0x0000000004aba9a0, 0x0000000004abad58]

GC Heap History (10 events):
Event: 2.356 GC heap before
{Heap before GC invocations=3 (full 1):
 PSYoungGen      total 76288K, used 8966K [0x000000076b380000, 0x0000000774880000, 0x00000007c0000000)
  eden space 65536K, 0% used [0x000000076b380000,0x000000076b380000,0x000000076f380000)
  from space 10752K, 83% used [0x000000076fe00000,0x00000007706c1800,0x0000000770880000)
  to   space 10752K, 0% used [0x000000076f380000,0x000000076f380000,0x000000076fe00000)
 ParOldGen       total 175104K, used 4674K [0x00000006c1a00000, 0x00000006cc500000, 0x000000076b380000)
  object space 175104K, 2% used [0x00000006c1a00000,0x00000006c1e90b98,0x00000006cc500000)
 Metaspace       used 20699K, capacity 21130K, committed 21296K, reserved 1069056K
  class space    used 2456K, capacity 2601K, committed 2688K, reserved 1048576K
Event: 2.411 GC heap after
Heap after GC invocations=3 (full 1):
 PSYoungGen      total 76288K, used 0K [0x000000076b380000, 0x0000000774880000, 0x00000007c0000000)
  eden space 65536K, 0% used [0x000000076b380000,0x000000076b380000,0x000000076f380000)
  from space 10752K, 0% used [0x000000076fe00000,0x000000076fe00000,0x0000000770880000)
  to   space 10752K, 0% used [0x000000076f380000,0x000000076f380000,0x000000076fe00000)
 ParOldGen       total 117760K, used 8691K [0x00000006c1a00000, 0x00000006c8d00000, 0x000000076b380000)
  object space 117760K, 7% used [0x00000006c1a00000,0x00000006c227cfc0,0x00000006c8d00000)
 Metaspace       used 20699K, capacity 21130K, committed 21296K, reserved 1069056K
  class space    used 2456K, capacity 2601K, committed 2688K, reserved 1048576K
}
Event: 3.851 GC heap before
{Heap before GC invocations=4 (full 1):
 PSYoungGen      total 76288K, used 65536K [0x000000076b380000, 0x0000000774880000, 0x00000007c0000000)
  eden space 65536K, 100% used [0x000000076b380000,0x000000076f380000,0x000000076f380000)
  from space 10752K, 0% used [0x000000076fe00000,0x000000076fe00000,0x0000000770880000)
  to   space 10752K, 0% used [0x000000076f380000,0x000000076f380000,0x000000076fe00000)
 ParOldGen       total 117760K, used 8691K [0x00000006c1a00000, 0x00000006c8d00000, 0x000000076b380000)
  object space 117760K, 7% used [0x00000006c1a00000,0x00000006c227cfc0,0x00000006c8d00000)
 Metaspace       used 28679K, capacity 29276K, committed 29568K, reserved 1075200K
  class space    used 3515K, capacity 3676K, committed 3712K, reserved 1048576K
Event: 3.863 GC heap after
Heap after GC invocations=4 (full 1):
 PSYoungGen      total 76288K, used 10746K [0x000000076b380000, 0x0000000772100000, 0x00000007c0000000)
  eden space 65536K, 0% used [0x000000076b380000,0x000000076b380000,0x000000076f380000)
  from space 10752K, 99% used [0x000000076f380000,0x000000076fdfe920,0x000000076fe00000)
  to   space 10752K, 0% used [0x0000000771680000,0x0000000771680000,0x0000000772100000)
 ParOldGen       total 117760K, used 13865K [0x00000006c1a00000, 0x00000006c8d00000, 0x000000076b380000)
  object space 117760K, 11% used [0x00000006c1a00000,0x00000006c278a768,0x00000006c8d00000)
 Metaspace       used 28679K, capacity 29276K, committed 29568K, reserved 1075200K
  class space    used 3515K, capacity 3676K, committed 3712K, reserved 1048576K
}
Event: 4.849 GC heap before
{Heap before GC invocations=5 (full 1):
 PSYoungGen      total 76288K, used 46542K [0x000000076b380000, 0x0000000772100000, 0x00000007c0000000)
  eden space 65536K, 54% used [0x000000076b380000,0x000000076d674f48,0x000000076f380000)
  from space 10752K, 99% used [0x000000076f380000,0x000000076fdfe920,0x000000076fe00000)
  to   space 10752K, 0% used [0x0000000771680000,0x0000000771680000,0x0000000772100000)
 ParOldGen       total 117760K, used 13865K [0x00000006c1a00000, 0x00000006c8d00000, 0x000000076b380000)
  object space 117760K, 11% used [0x00000006c1a00000,0x00000006c278a768,0x00000006c8d00000)
 Metaspace       used 34811K, capacity 35400K, committed 35496K, reserved 1081344K
  class space    used 4437K, capacity 4577K, committed 4608K, reserved 1048576K
Event: 4.864 GC heap after
Heap after GC invocations=5 (full 1):
 PSYoungGen      total 101376K, used 10722K [0x000000076b380000, 0x0000000772100000, 0x00000007c0000000)
  eden space 90624K, 0% used [0x000000076b380000,0x000000076b380000,0x0000000770c00000)
  from space 10752K, 99% used [0x0000000771680000,0x00000007720f8918,0x0000000772100000)
  to   space 10752K, 0% used [0x0000000770c00000,0x0000000770c00000,0x0000000771680000)
 ParOldGen       total 117760K, used 19187K [0x00000006c1a00000, 0x00000006c8d00000, 0x000000076b380000)
  object space 117760K, 16% used [0x00000006c1a00000,0x00000006c2cbccc0,0x00000006c8d00000)
 Metaspace       used 34811K, capacity 35400K, committed 35496K, reserved 1081344K
  class space    used 4437K, capacity 4577K, committed 4608K, reserved 1048576K
}
Event: 4.864 GC heap before
{Heap before GC invocations=6 (full 2):
 PSYoungGen      total 101376K, used 10722K [0x000000076b380000, 0x0000000772100000, 0x00000007c0000000)
  eden space 90624K, 0% used [0x000000076b380000,0x000000076b380000,0x0000000770c00000)
  from space 10752K, 99% used [0x0000000771680000,0x00000007720f8918,0x0000000772100000)
  to   space 10752K, 0% used [0x0000000770c00000,0x0000000770c00000,0x0000000771680000)
 ParOldGen       total 117760K, used 19187K [0x00000006c1a00000, 0x00000006c8d00000, 0x000000076b380000)
  object space 117760K, 16% used [0x00000006c1a00000,0x00000006c2cbccc0,0x00000006c8d00000)
 Metaspace       used 34811K, capacity 35400K, committed 35496K, reserved 1081344K
  class space    used 4437K, capacity 4577K, committed 4608K, reserved 1048576K
Event: 4.928 GC heap after
Heap after GC invocations=6 (full 2):
 PSYoungGen      total 101376K, used 0K [0x000000076b380000, 0x0000000772100000, 0x00000007c0000000)
  eden space 90624K, 0% used [0x000000076b380000,0x000000076b380000,0x0000000770c00000)
  from space 10752K, 0% used [0x0000000771680000,0x0000000771680000,0x0000000772100000)
  to   space 10752K, 0% used [0x0000000770c00000,0x0000000770c00000,0x0000000771680000)
 ParOldGen       total 197632K, used 21414K [0x00000006c1a00000, 0x00000006cdb00000, 0x000000076b380000)
  object space 197632K, 10% used [0x00000006c1a00000,0x00000006c2ee9b18,0x00000006cdb00000)
 Metaspace       used 34811K, capacity 35400K, committed 35496K, reserved 1081344K
  class space    used 4437K, capacity 4577K, committed 4608K, reserved 1048576K
}
Event: 6.729 GC heap before
{Heap before GC invocations=7 (full 2):
 PSYoungGen      total 101376K, used 90624K [0x000000076b380000, 0x0000000772100000, 0x00000007c0000000)
  eden space 90624K, 100% used [0x000000076b380000,0x0000000770c00000,0x0000000770c00000)
  from space 10752K, 0% used [0x0000000771680000,0x0000000771680000,0x0000000772100000)
  to   space 10752K, 0% used [0x0000000770c00000,0x0000000770c00000,0x0000000771680000)
 ParOldGen       total 197632K, used 21414K [0x00000006c1a00000, 0x00000006cdb00000, 0x000000076b380000)
  object space 197632K, 10% used [0x00000006c1a00000,0x00000006c2ee9b18,0x00000006cdb00000)
 Metaspace       used 44048K, capacity 44790K, committed 44928K, reserved 1089536K
  class space    used 5533K, capacity 5742K, committed 5760K, reserved 1048576K
Event: 6.744 GC heap after
Heap after GC invocations=7 (full 2):
 PSYoungGen      total 101376K, used 10727K [0x000000076b380000, 0x0000000772100000, 0x00000007c0000000)
  eden space 90624K, 0% used [0x000000076b380000,0x000000076b380000,0x0000000770c00000)
  from space 10752K, 99% used [0x0000000770c00000,0x0000000771679db8,0x0000000771680000)
  to   space 10752K, 0% used [0x0000000771680000,0x0000000771680000,0x0000000772100000)
 ParOldGen       total 197632K, used 29937K [0x00000006c1a00000, 0x00000006cdb00000, 0x000000076b380000)
  object space 197632K, 15% used [0x00000006c1a00000,0x00000006c373c478,0x00000006cdb00000)
 Metaspace       used 44048K, capacity 44790K, committed 44928K, reserved 1089536K
  class space    used 5533K, capacity 5742K, committed 5760K, reserved 1048576K
}

Deoptimization events (10 events):
Event: 7.575 Thread 0x000000000383b000 Uncommon trap: reason=class_check action=maybe_recompile pc=0x0000000003d1e84c method=org.jetbrains.kotlin.load.java.lazy.descriptors.LazyJavaScope.getFunctionNamesLazy()Ljava/util/Set; @ 13
Event: 7.575 Thread 0x000000000383b000 Uncommon trap: reason=class_check action=maybe_recompile pc=0x0000000003d1e84c method=org.jetbrains.kotlin.load.java.lazy.descriptors.LazyJavaScope.getFunctionNamesLazy()Ljava/util/Set; @ 13
Event: 7.575 Thread 0x000000000383b000 Uncommon trap: reason=class_check action=maybe_recompile pc=0x0000000003d1e84c method=org.jetbrains.kotlin.load.java.lazy.descriptors.LazyJavaScope.getFunctionNamesLazy()Ljava/util/Set; @ 13
Event: 7.575 Thread 0x000000000383b000 Uncommon trap: reason=class_check action=maybe_recompile pc=0x0000000003d1e84c method=org.jetbrains.kotlin.load.java.lazy.descriptors.LazyJavaScope.getFunctionNamesLazy()Ljava/util/Set; @ 13
Event: 7.615 Thread 0x000000000383b000 Uncommon trap: reason=unstable_if action=reinterpret pc=0x0000000003d4d608 method=kotlin.jvm.internal.Intrinsics.areEqual(Ljava/lang/Object;Ljava/lang/Object;)Z @ 5
Event: 7.623 Thread 0x000000000383b000 Uncommon trap: reason=class_check action=maybe_recompile pc=0x00000000049a8e00 method=org.jetbrains.kotlin.parsing.KotlinParserDefinition.createElement(Lorg/jetbrains/kotlin/com/intellij/lang/ASTNode;)Lorg/jetbrains/kotlin/com/intellij/psi/PsiElement; @ 1
Event: 7.653 Thread 0x000000000383b000 Uncommon trap: reason=bimorphic action=maybe_recompile pc=0x00000000047134ac method=kotlin.collections.CollectionsKt___CollectionsKt.toList(Ljava/lang/Iterable;)Ljava/util/List; @ 76
Event: 7.667 Thread 0x000000000383b000 Uncommon trap: reason=class_check action=maybe_recompile pc=0x00000000049a0540 method=org.jetbrains.kotlin.types.TypeConstructorSubstitution$Companion$createByConstructorsMap$1.isEmpty()Z @ 4
Event: 7.669 Thread 0x000000000383b000 Uncommon trap: reason=class_check action=maybe_recompile pc=0x00000000049006f4 method=org.jetbrains.kotlin.serialization.deserialization.descriptors.DeserializedMemberScope.getContributedClassifier(Lorg/jetbrains/kotlin/name/Name;Lorg/jetbrains/kotlin/inc
Event: 7.669 Thread 0x000000000383b000 Uncommon trap: reason=class_check action=maybe_recompile pc=0x00000000049006f4 method=org.jetbrains.kotlin.serialization.deserialization.descriptors.DeserializedMemberScope.getContributedClassifier(Lorg/jetbrains/kotlin/name/Name;Lorg/jetbrains/kotlin/inc

Classes redefined (0 events):
No events

Internal exceptions (10 events):
Event: 4.420 Thread 0x000000000383b000 Exception <a 'java/lang/NoSuchMethodError': java.lang.Object.lambda$static$0(I)[Lorg/jetbrains/kotlin/psi/KtExpression;> (0x000000076cb3a4b0) thrown at [C:\src\AOSP-openjdk-git\hotspot\src\share\vm\interpreter\linkResolver.cpp, line 620]
Event: 4.460 Thread 0x000000000383b000 Implicit null exception at 0x00000000040fe710 to 0x00000000040fe7e1
Event: 4.784 Thread 0x000000000383b000 Exception <a 'java/lang/NoSuchMethodError': java.lang.Object.lambda$static$0(I)[Lorg/jetbrains/kotlin/psi/KtDeclaration;> (0x000000076d229fe0) thrown at [C:\src\AOSP-openjdk-git\hotspot\src\share\vm\interpreter\linkResolver.cpp, line 620]
Event: 4.833 Thread 0x000000000383b000 Exception <a 'java/lang/NoSuchMethodError': java.lang.Object.lambda$static$0(I)[Lorg/jetbrains/kotlin/psi/KtTypeElement;> (0x000000076d38ef30) thrown at [C:\src\AOSP-openjdk-git\hotspot\src\share\vm\interpreter\linkResolver.cpp, line 620]
Event: 5.685 Thread 0x000000000383b000 Exception <a 'java/lang/NoSuchMethodError': java.lang.Object.lambda$static$0(I)[Lorg/jetbrains/kotlin/com/intellij/psi/PsiClass;> (0x000000076e6e7bf8) thrown at [C:\src\AOSP-openjdk-git\hotspot\src\share\vm\interpreter\linkResolver.cpp, line 620]
Event: 6.103 Thread 0x000000000383b000 Exception <a 'java/lang/NoSuchMethodError': java.lang.Object.lambda$static$0(I)[Lorg/jetbrains/kotlin/com/intellij/psi/PsiReference;> (0x000000076f1e3ab8) thrown at [C:\src\AOSP-openjdk-git\hotspot\src\share\vm\interpreter\linkResolver.cpp, line 620]
Event: 6.110 Thread 0x000000000383b000 Exception <a 'java/lang/NoSuchMethodError': java.lang.Object.lambda$static$0(I)[Lorg/jetbrains/kotlin/com/intellij/psi/PsiTypeElement;> (0x000000076f21a618) thrown at [C:\src\AOSP-openjdk-git\hotspot\src\share\vm\interpreter\linkResolver.cpp, line 620]
Event: 6.146 Thread 0x000000000383b000 Exception <a 'java/lang/NoSuchMethodError': java.lang.Object.lambda$static$0(I)[Lorg/jetbrains/kotlin/com/intellij/psi/PsiTypeParameter;> (0x000000076f30be20) thrown at [C:\src\AOSP-openjdk-git\hotspot\src\share\vm\interpreter\linkResolver.cpp, line 620]
Event: 6.389 Thread 0x000000000383b000 Implicit null exception at 0x00000000045f6d94 to 0x00000000045f70b9
Event: 6.389 Thread 0x000000000383b000 Implicit null exception at 0x00000000045227af to 0x00000000045227ed

Events (10 events):
Event: 7.713 loading class org/jetbrains/kotlin/resolve/constants/evaluate/OperationsMapGeneratedKt$binaryOperations$63
Event: 7.713 loading class org/jetbrains/kotlin/resolve/constants/evaluate/OperationsMapGeneratedKt$binaryOperations$63 done
Event: 7.713 loading class org/jetbrains/kotlin/resolve/constants/evaluate/OperationsMapGeneratedKt$binaryOperations$64
Event: 7.713 loading class org/jetbrains/kotlin/resolve/constants/evaluate/OperationsMapGeneratedKt$binaryOperations$64 done
Event: 7.713 loading class org/jetbrains/kotlin/resolve/constants/evaluate/OperationsMapGeneratedKt$binaryOperations$65
Event: 7.713 loading class org/jetbrains/kotlin/resolve/constants/evaluate/OperationsMapGeneratedKt$binaryOperations$65 done
Event: 7.714 loading class org/jetbrains/kotlin/resolve/constants/evaluate/OperationsMapGeneratedKt$binaryOperations$66
Event: 7.714 loading class org/jetbrains/kotlin/resolve/constants/evaluate/OperationsMapGeneratedKt$binaryOperations$66 done
Event: 7.714 loading class org/jetbrains/kotlin/resolve/constants/evaluate/OperationsMapGeneratedKt$binaryOperations$67
Event: 7.714 loading class org/jetbrains/kotlin/resolve/constants/evaluate/OperationsMapGeneratedKt$binaryOperations$67 done


Dynamic libraries:
0x00007ff7ccb40000 - 0x00007ff7ccb71000 	C:\Program Files\Android\Android Studio1\jre\jre\bin\java.exe
0x00007ff909b00000 - 0x00007ff909ce1000 	C:\WINDOWS\SYSTEM32\ntdll.dll
0x00007ff907a90000 - 0x00007ff907b41000 	C:\WINDOWS\System32\KERNEL32.DLL
0x00007ff906a90000 - 0x00007ff906d03000 	C:\WINDOWS\System32\KERNELBASE.dll
0x00007ff908110000 - 0x00007ff9081b1000 	C:\WINDOWS\System32\ADVAPI32.dll
0x00007ff9075a0000 - 0x00007ff90763e000 	C:\WINDOWS\System32\msvcrt.dll
0x00007ff909880000 - 0x00007ff9098db000 	C:\WINDOWS\System32\sechost.dll
0x00007ff907fe0000 - 0x00007ff908104000 	C:\WINDOWS\System32\RPCRT4.dll
0x00007ff9098e0000 - 0x00007ff909a70000 	C:\WINDOWS\System32\USER32.dll
0x00007ff906eb0000 - 0x00007ff906ed0000 	C:\WINDOWS\System32\win32u.dll
0x00007ff909670000 - 0x00007ff909698000 	C:\WINDOWS\System32\GDI32.dll
0x00007ff906d10000 - 0x00007ff906ea1000 	C:\WINDOWS\System32\gdi32full.dll
0x00007ff9069f0000 - 0x00007ff906a8f000 	C:\WINDOWS\System32\msvcp_win.dll
0x00007ff9066b0000 - 0x00007ff9067a8000 	C:\WINDOWS\System32\ucrtbase.dll
0x00007ff8f2a10000 - 0x00007ff8f2c79000 	C:\WINDOWS\WinSxS\amd64_microsoft.windows.common-controls_6595b64144ccf1df_6.0.17134.1304_none_d3fbe61b7c93d9f0\COMCTL32.dll
0x00007ff9071a0000 - 0x00007ff9074c1000 	C:\WINDOWS\System32\combase.dll
0x00007ff905ec0000 - 0x00007ff905f39000 	C:\WINDOWS\System32\bcryptPrimitives.dll
0x00007ff909850000 - 0x00007ff90987d000 	C:\WINDOWS\System32\IMM32.DLL
0x00007ff904a90000 - 0x00007ff904b3c000 	C:\WINDOWS\system32\tmumh\20019\AddOn\7.0.0.1176\TmUmEvt64.dll
0x00007ff909790000 - 0x00007ff909798000 	C:\WINDOWS\System32\PSAPI.DLL
0x00007ff9081c0000 - 0x00007ff908211000 	C:\WINDOWS\System32\shlwapi.dll
0x0000000054bf0000 - 0x0000000054d0a000 	C:\WINDOWS\system32\tmumh\20019\TmMon\2.5.0.2096\tmmon64.dll
0x0000000052150000 - 0x0000000052222000 	C:\Program Files\Android\Android Studio1\jre\jre\bin\msvcr100.dll
0x0000000050910000 - 0x000000005115b000 	C:\Program Files\Android\Android Studio1\jre\jre\bin\server\jvm.dll
0x00007ff8f1980000 - 0x00007ff8f1989000 	C:\WINDOWS\SYSTEM32\WSOCK32.dll
0x00007ff9096a0000 - 0x00007ff90970c000 	C:\WINDOWS\System32\WS2_32.dll
0x00007ff903620000 - 0x00007ff903643000 	C:\WINDOWS\SYSTEM32\WINMM.dll
0x00007ff9044a0000 - 0x00007ff9044aa000 	C:\WINDOWS\SYSTEM32\VERSION.dll
0x00007ff903310000 - 0x00007ff90333a000 	C:\WINDOWS\SYSTEM32\WINMMBASE.dll
0x00007ff9069a0000 - 0x00007ff9069e9000 	C:\WINDOWS\System32\cfgmgr32.dll
0x00007ff900c70000 - 0x00007ff900c7f000 	C:\Program Files\Android\Android Studio1\jre\jre\bin\verify.dll
0x00007ff8eed60000 - 0x00007ff8eed89000 	C:\Program Files\Android\Android Studio1\jre\jre\bin\java.dll
0x00007ff8ffac0000 - 0x00007ff8ffad6000 	C:\Program Files\Android\Android Studio1\jre\jre\bin\zip.dll
0x00007ff908220000 - 0x00007ff909665000 	C:\WINDOWS\System32\SHELL32.dll
0x00007ff9070e0000 - 0x00007ff907189000 	C:\WINDOWS\System32\shcore.dll
0x00007ff905f40000 - 0x00007ff906650000 	C:\WINDOWS\System32\windows.storage.dll
0x00007ff905ea0000 - 0x00007ff905eb1000 	C:\WINDOWS\System32\kernel.appcore.dll
0x00007ff905e20000 - 0x00007ff905e3f000 	C:\WINDOWS\System32\profapi.dll
0x00007ff905e50000 - 0x00007ff905e9c000 	C:\WINDOWS\System32\powrprof.dll
0x00007ff905e40000 - 0x00007ff905e4a000 	C:\WINDOWS\System32\FLTLIB.DLL
0x00007ff8f2080000 - 0x00007ff8f209a000 	C:\Program Files\Android\Android Studio1\jre\jre\bin\net.dll
0x00007ff905680000 - 0x00007ff9056e6000 	C:\WINDOWS\system32\mswsock.dll
0x00007ff8f1c00000 - 0x00007ff8f1c13000 	C:\Program Files\Android\Android Studio1\jre\jre\bin\nio.dll

VM Arguments:
java_command: org.jetbrains.kotlin.cli.jvm.K2JVMCompiler -Xallow-no-source-files -classpath D:\workspace\android\HuqariqApp-master\app\build\intermediates\compile_and_runtime_not_namespaced_r_class_jar\debug\R.jar;C:\Users\jlortizg\.gradle\caches\transforms-2\files-2.1\7e846efc2dfc2bcebbc482292ca4fd30\jetified-joda-time-2.3.jar;C:\Users\jlortizg\.gradle\caches\transforms-2\files-2.1\51562e14f60566a3c9d2b8e4a572509f\jetified-play-services-auth-9.4.0-api.jar;C:\Users\jlortizg\.gradle\caches\transforms-2\files-2.1\a3c35826a27613ee682b1b2216e28896\jetified-AnimatedSvgView-4a20a78c97-api.jar;C:\Users\jlortizg\.gradle\caches\transforms-2\files-2.1\e33dcb6067cdc66e331c923de77f4af6\jetified-debug-db-1.0.0-api.jar;C:\Users\jlortizg\.gradle\caches\transforms-2\files-2.1\9da3d5848a90036b1d70b0776e57d2a2\jetified-play-services-auth-base-9.4.0-api.jar;C:\Users\jlortizg\.gradle\caches\transforms-2\files-2.1\d5d1926bd9add141016a8f36e54392ba\jetified-play-services-base-9.4.0-api.jar;C:\Users\jlortizg\.gradle\caches\transforms-2\files-2.1\247ad5bec904d3b6443c079e1cea8cec\jetified-play-services-tasks-9.4.0-api.jar;C:\Users\jlortizg\.gradle\caches\transforms-2\files-2.1\21f2e3885649b0853182213ac5e2fdbc\jetified-play-services-basement-9.4.0-api.jar;C:\Users\jlortizg\.gradle\caches\transforms-2\files-2.1\74129c98b19c9dcdf5eec1edcd10133b\jetified-facebook-login-4.42.0-api.jar;C:\Users\jlortizg\.gradle\caches\transforms-2\files-2.1\f730fe18c7e5ae923981cb3899ea586f\jetified-facebook-common-4.42.0-api.jar;C:\Users\jlortizg\.gradle\caches\transforms-2\files-2.1\af35494173d8d3d4726306fdf6567c4b\legacy-support-v4-1.0.0-api.jar;C:\Users\jlortizg\.gradle\caches\transforms-2\files-2.1\ff8d756b1e5cbb4f7cba914aae697e2f\material-1.0.0-api.jar;C:\Users\jlortizg\.gradle\caches\transforms-2\files-2.1\9588aec980850ca7469865354a1e62d5\jetified-material-stepper-4.3.1-api.jar;C:\Users\jlortizg\.gradle\caches\transforms-2\files-2.1\4bba1c575d16a00d5d0234f982f4a51c\jetified-appintro-v4.2.3-api.jar;C:\Users
java_class_path (initial): C:\Users\jlortizg\.gradle\caches\modules-2\files-2.1\org.jetbrains.kotlin\kotlin-compiler-embeddable\1.3.50\1251c1768e5769b06c2487d6f6cf8acf6efb8960\kotlin-compiler-embeddable-1.3.50.jar;C:\Users\jlortizg\.gradle\caches\modules-2\files-2.1\org.jetbrains.kotlin\kotlin-reflect\1.3.50\b499f22fd7c3e9c2e5b6c4005221fa47fc7f9a7a\kotlin-reflect-1.3.50.jar;C:\Users\jlortizg\.gradle\caches\modules-2\files-2.1\org.jetbrains.kotlin\kotlin-stdlib\1.3.50\b529d1738c7e98bbfa36a4134039528f2ce78ebf\kotlin-stdlib-1.3.50.jar;C:\Users\jlortizg\.gradle\caches\modules-2\files-2.1\org.jetbrains.kotlin\kotlin-script-runtime\1.3.50\59492b8dfb92522ba0ddb5dd1c4d0ef0a4fca1af\kotlin-script-runtime-1.3.50.jar;C:\Users\jlortizg\.gradle\caches\modules-2\files-2.1\org.jetbrains.kotlin\kotlin-daemon-embeddable\1.3.50\5cb93bb33f4c6f833ead0beca4c831668e00cf52\kotlin-daemon-embeddable-1.3.50.jar;C:\Users\jlortizg\.gradle\caches\modules-2\files-2.1\org.jetbrains.intellij.deps\trove4j\1.0.20181211\216c2e14b070f334479d800987affe4054cd563f\trove4j-1.0.20181211.jar;C:\Users\jlortizg\.gradle\caches\modules-2\files-2.1\org.jetbrains.kotlin\kotlin-stdlib-common\1.3.50\3d9cd3e1bc7b92e95f43d45be3bfbcf38e36ab87\kotlin-stdlib-common-1.3.50.jar;C:\Users\jlortizg\.gradle\caches\modules-2\files-2.1\org.jetbrains\annotations\13.0\919f0dfe192fb4e063e7dacadee7f8bb9a2672a9\annotations-13.0.jar;C:\Program Files\Android\Android Studio1\jre\lib\tools.jar
Launcher Type: SUN_STANDARD

Environment Variables:
JAVA_HOME=C:\Program Files\Java\jdk1.8.0_191
USERNAME=jlortizg
OS=Windows_NT
PROCESSOR_IDENTIFIER=Intel64 Family 6 Model 142 Stepping 10, GenuineIntel



---------------  S Y S T E M  ---------------

OS: Windows 10.0 , 64 bit Build 17134 (10.0.17134.753)

CPU:total 8 (initial active 8) (4 cores per cpu, 2 threads per core) family 6 model 142 stepping 10, cmov, cx8, fxsr, mmx, sse, sse2, sse3, ssse3, sse4.1, sse4.2, popcnt, avx, avx2, aes, clmul, erms, 3dnowpref, lzcnt, ht, tsc, tscinvbit, bmi1, bmi2, adx

Memory: 4k page, physical 16669912k(4396320k free), swap 16699608k(15592k free)

vm_info: OpenJDK 64-Bit Server VM (25.242-b01) for windows-amd64 JRE (1.8.0_242-release-1644-b01), built by "builder" with MS VC++ 10.0 (VS2010)

time: Mon Jan 04 17:23:00 2021
timezone: Hora est. Pacífico, Sudamérica
elapsed time: 7 seconds (0d 0h 0m 7s)

